<?xml version="1.0" encoding="UTF-8"?>
<testsuite name="TestOfKata" tests="2" skipped="0" failures="0" errors="0" timestamp="2018-03-20T10:42:26" hostname="MBA-Lau.local" time="0.003">
  <properties/>
  <testcase name="asserts" classname="TestOfKata" time="0.002"/>
  <testcase name="catches" classname="TestOfKata" time="0.001"/>
  <system-out><![CDATA[]]></system-out>
  <system-err><![CDATA[]]></system-err>
</testsuite>
